[08/11/2022 08:30:15] Debug: Session id: ec6cc048-ed92-497f-a0b6-420800912af0
[08/11/2022 08:30:15] Debug: Code Processor information: Name :SnowConvert, Version: 7.11.70.0
[08/11/2022 08:30:16] Debug: Getting license
[08/11/2022 08:30:16] Debug: License information
	Status: Failed
	Message: No active license available.
[08/11/2022 08:30:16] Info: Starting to validate parameters
[08/11/2022 08:30:16] Info: Parameters to validate: 
	Execution mode: Conversion
	LICENSE_KEY: a3372138-b87e-4a08-b929-3b48b24c63f1
[08/11/2022 08:30:16] Info: Validation of parameters: Success
[08/11/2022 08:30:16] Debug: Getting code descriptor
[08/11/2022 08:30:16] Debug: Code descriptor information
	Units: 51
	Units type: LOC
	All file bytes: 2141
	All found extensions: .sql,.dml,.ddl,.bteq,.btq,.fl,.fload,.ml,.mload,.mld,.tp,.tpump,.tpt
[08/11/2022 08:30:16] Debug: Calculating fingerprint
[08/11/2022 08:30:16] Debug: Fingerprint information Fingerprint(size=2141,projects=1)
[08/11/2022 08:30:16] Info: Starting to try to validate online license for execution
[08/11/2022 08:30:18] Debug: Getting license
[08/11/2022 08:30:18] Debug: License information
	Status: Failed
	Message: No active license available.
[08/11/2022 08:30:18] Debug: Starting the execution of the controller
[08/11/2022 08:30:19] Debug: Executing the worker: SnowConvert
[08/11/2022 08:30:32] Debug: Finished executing the worker: SnowConvert
[08/11/2022 08:30:34] Info: Controller execution ended
